[2019-02-28 07:08:05] START
[2019-02-28 07:15:00] EDIT rearing/models/db.py: 27
[2019-02-28 07:15:11] EDIT rearing/models/db.py: 0
[2019-02-28 07:18:37] EDIT rearing/models/db.py: 1
[2019-02-28 07:24:16] EDIT rearing/models/db.py: 0
[2019-02-28 07:39:22] EDIT rearing/models/menu.py: 0
[2019-02-28 08:39:25] CREATE default/btl.html: 0
[2019-02-28 08:40:06] EDIT rearing/views/default/btl.html: 0
[2019-02-28 08:41:57] EDIT rearing/controllers/default.py: 8
[2019-02-28 08:43:21] EDIT rearing/controllers/default.py: 0
[2019-02-28 08:43:51] CREATE default/btl_form.html: 0
[2019-02-28 08:44:46] EDIT rearing/views/default/btl_form.html: 0
[2019-02-28 08:45:10] EDIT rearing/views/default/btl_form.html: 0
[2019-02-28 09:00:39] EDIT rearing/models/menu.py: 1
[2019-02-28 09:01:04] EDIT rearing/models/menu.py: 0
[2019-02-28 09:02:20] EDIT rearing/models/menu.py: 0
[2019-02-28 09:02:23] EDIT rearing/models/menu.py: 0
[2019-02-28 09:04:05] EDIT rearing/models/menu.py: 1
[2019-02-28 10:45:05] EDIT rearing/controllers/default.py: 76
[2019-02-28 10:49:09] EDIT rearing/models/menu.py: 1
[2019-02-28 11:42:46] EDIT rearing/controllers/default.py: -7
[2019-02-28 11:47:00] EDIT rearing/controllers/default.py: 0
[2019-02-28 11:49:04] EDIT rearing/controllers/default.py: 0
[2019-02-28 11:50:06] EDIT rearing/controllers/default.py: 0
[2019-02-28 11:55:20] EDIT rearing/controllers/default.py: 3
[2019-02-28 11:59:09] EDIT rearing/controllers/default.py: 0
[2019-02-28 12:01:00] EDIT rearing/controllers/default.py: 0
[2019-02-28 12:40:37] EDIT rearing/models/menu.py: 1
[2019-02-28 12:42:27] EDIT rearing/controllers/default.py: 0
[2019-02-28 13:00:34] EDIT rearing/models/db.py: 0
[2019-02-28 13:01:41] EDIT rearing/controllers/default.py: -1
[2019-02-28 13:04:23] CREATE default/wiki.html: 0
[2019-02-28 13:04:45] EDIT rearing/views/default/wiki.html: -1
[2019-02-28 13:04:54] DELETE rearing/views/wiki.html: -2
[2019-02-28 13:05:01] DELETE rearing/views/default/xindex.html: -49
[2019-02-28 11:39:56] EDIT rearing/models/menu.py: -4
[2019-02-28 11:44:06] EDIT rearing/models/menu.py: 4
[2019-02-28 11:44:23] EDIT rearing/models/menu.py: 0
[2019-02-28 11:48:47] EDIT rearing/controllers/default.py: 1
[2019-02-28 11:50:45] EDIT rearing/controllers/default.py: 1
[2019-02-28 11:52:27] EDIT rearing/controllers/default.py: 0
[2019-02-28 20:56:34] EDIT rearing/views/default/index.html: 1
[2019-02-28 20:57:11] EDIT rearing/views/default/index.html: 0
[2019-02-28 20:57:33] EDIT rearing/views/default/index.html: 0
[2019-02-28 20:58:50] EDIT rearing/views/default/index.html: 0
[2019-02-28 21:05:46] EDIT rearing/views/default/index.html: 0
[2019-03-01 21:22:32] EDIT rearing/views/default/btl.html: 0
[2019-03-01 21:23:16] CREATE default/obs_form.html: 0
[2019-03-01 21:23:45] EDIT rearing/views/default/obs_form.html: 0
[2019-03-01 21:25:14] EDIT rearing/models/menu.py: 0
[2019-03-01 21:25:33] DELETE rearing/views/default/btl.html: -3
[2019-03-01 21:27:35] EDIT rearing/controllers/default.py: 0
[2019-03-01 21:28:05] EDIT rearing/controllers/default.py: 0
[2019-03-02 09:22:32] EDIT rearing/models/db.py: 0
[2019-03-02 09:25:50] EDIT rearing/models/db.py: 11
[2019-03-02 09:30:15] EDIT rearing/models/db.py: 1
[2019-03-02 09:31:21] EDIT rearing/models/db.py: 0
[2019-03-02 09:31:41] EDIT rearing/models/db.py: 0
[2019-03-02 09:32:07] EDIT rearing/models/db.py: -11
[2019-03-02 09:32:58] EDIT rearing/models/db.py: 0
[2019-03-02 10:06:33] EDIT rearing/models/db.py: 0
[2019-03-02 17:26:31] EDIT rearing/models/db.py: 8
[2019-03-02 17:26:39] EDIT rearing/models/db.py: 0
[2019-03-02 17:27:03] EDIT rearing/models/db.py: 0
[2019-03-02 17:28:15] EDIT rearing/models/db.py: -2
[2019-03-02 17:28:39] EDIT rearing/models/db.py: 0
[2019-03-02 17:29:55] EDIT rearing/models/db.py: 0
[2019-03-02 17:55:18] EDIT rearing/models/db.py: 0
[2019-03-02 17:58:13] EDIT rearing/models/db.py: 0
[2019-03-02 18:04:10] EDIT rearing/models/db.py: 0
[2019-03-02 19:46:10] EDIT rearing/private/appconfig.ini: 0
[2019-03-02 20:01:03] EDIT rearing/models/db.py: 9
[2019-03-02 20:03:46] EDIT rearing/models/db.py: -1
[2019-03-02 20:09:29] EDIT rearing/models/db.py: 0
[2019-03-02 20:10:53] EDIT rearing/private/appconfig.ini: 0
[2019-03-02 20:58:16] EDIT rearing/models/db.py: 0
[2019-03-03 13:17:45] EDIT rearing/models/db.py: 4
[2019-03-03 13:28:26] EDIT rearing/controllers/default.py: 3
[2019-03-03 13:29:28] EDIT rearing/controllers/default.py: 0
[2019-03-03 13:44:56] EDIT rearing/models/db.py: 4
[2019-03-03 13:46:06] EDIT rearing/models/db.py: 0
[2019-03-04 07:49:33] EDIT rearing/controllers/default.py: 2
[2019-03-04 07:52:23] EDIT rearing/controllers/default.py: -2
[2019-03-04 07:54:22] EDIT rearing/models/menu.py: 1
[2019-03-04 07:58:28] EDIT rearing/models/menu.py: 0
[2019-03-04 08:00:37] EDIT rearing/controllers/default.py: 5
[2019-03-04 08:01:04] EDIT rearing/controllers/default.py: 0
[2019-03-04 08:03:52] EDIT rearing/controllers/default.py: 0
[2019-03-04 08:45:39] EDIT rearing/controllers/default.py: 13
[2019-03-04 08:48:34] EDIT rearing/controllers/default.py: 1
[2019-03-04 08:51:28] CREATE default/import_btl_csv.html: 0
[2019-03-04 08:53:56] EDIT rearing/views/default/import_btl_csv.html: 3
[2019-03-04 08:54:32] EDIT rearing/views/default/import_btl_csv.html: 0
[2019-03-04 08:55:17] EDIT rearing/views/default/import_btl_csv.html: 0
[2019-03-04 08:59:57] EDIT rearing/models/menu.py: 1
[2019-03-04 09:25:40] EDIT rearing/controllers/default.py: 0
[2019-03-04 09:43:09] EDIT rearing/controllers/default.py: 1
[2019-03-04 09:45:07] EDIT rearing/controllers/default.py: 0
[2019-03-04 09:47:41] EDIT rearing/controllers/default.py: 1
[2019-03-04 09:51:02] EDIT rearing/controllers/default.py: -2
[2019-03-04 10:21:10] EDIT rearing/controllers/default.py: 0
[2019-03-04 10:22:20] EDIT rearing/controllers/default.py: 0
[2019-03-04 10:43:46] EDIT rearing/controllers/default.py: 11
[2019-03-04 10:45:16] CREATE default/import_obs_csv.html: 0
[2019-03-04 10:45:44] EDIT rearing/views/default/import_obs_csv.html: 3
[2019-03-04 10:45:57] EDIT rearing/views/default/import_obs_csv.html: 0
[2019-03-04 10:46:56] EDIT rearing/models/menu.py: 1
[2019-03-04 14:02:34] EDIT rearing/models/db.py: 1
[2019-03-04 14:03:29] EDIT rearing/models/db.py: 1
[2019-03-04 14:04:00] EDIT rearing/models/db.py: -1
[2019-03-04 14:16:50] EDIT rearing/models/db.py: 2
[2019-03-04 15:14:32] EDIT rearing/models/db.py: -3
[2019-03-04 15:20:07] EDIT rearing/models/db.py: 0
[2019-03-04 15:22:21] EDIT rearing/models/db.py: 0
[2019-03-04 15:22:28] EDIT rearing/models/db.py: 0
[2019-03-04 18:08:57] EDIT rearing/models/db.py: 6
[2019-03-04 18:21:31] EDIT rearing/models/db.py: -2
[2019-03-04 18:22:19] EDIT rearing/models/db.py: 1
[2019-03-04 18:24:09] EDIT rearing/models/db.py: 0
[2019-03-04 18:27:20] EDIT rearing/models/db.py: 0
[2019-03-04 18:27:28] EDIT rearing/models/db.py: 0
[2019-03-04 18:30:26] EDIT rearing/models/db.py: 0
[2019-03-04 18:32:01] EDIT rearing/models/db.py: 0
[2019-03-04 18:36:32] EDIT rearing/models/db.py: 0
[2019-03-04 18:43:26] EDIT rearing/models/db.py: 0
[2019-03-04 18:49:05] EDIT rearing/controllers/default.py: 0
[2019-03-04 18:50:12] EDIT rearing/models/db.py: 0
[2019-03-04 18:51:25] EDIT rearing/controllers/default.py: 0
[2019-03-04 18:52:49] EDIT rearing/controllers/default.py: 0
[2019-03-04 19:31:23] EDIT rearing/models/db.py: -1
[2019-03-04 19:32:54] EDIT rearing/models/db.py: -1
[2019-03-04 19:33:08] EDIT rearing/models/db.py: -1
[2019-03-04 19:44:37] EDIT rearing/models/db.py: 0
[2019-03-04 19:51:44] EDIT rearing/models/db.py: 0
[2019-03-04 20:20:52] EDIT rearing/models/db.py: 9
[2019-03-04 20:32:56] EDIT rearing/models/db.py: 3
[2019-03-04 20:33:38] EDIT rearing/models/db.py: 0
[2019-03-04 20:34:12] EDIT rearing/models/db.py: 0
[2019-03-04 20:34:20] EDIT rearing/models/db.py: 0
[2019-03-04 20:41:30] EDIT rearing/models/db.py: 1
[2019-03-04 20:50:32] EDIT rearing/models/db.py: 1
[2019-03-05 07:07:42] EDIT rearing/models/db.py: 0
[2019-03-05 07:11:48] EDIT rearing/controllers/default.py: 3
[2019-03-05 07:12:25] EDIT rearing/controllers/default.py: 0
[2019-03-05 07:19:42] EDIT rearing/controllers/default.py: -3
[2019-03-05 07:20:35] EDIT rearing/models/db.py: 0
[2019-03-05 07:23:49] EDIT rearing/controllers/default.py: 1
[2019-03-05 07:29:02] EDIT rearing/controllers/default.py: 2
[2019-03-05 07:31:57] EDIT rearing/controllers/default.py: 1
[2019-03-05 07:55:11] EDIT rearing/models/db.py: 1
[2019-03-05 07:55:18] EDIT rearing/models/db.py: 0
[2019-03-05 07:56:58] EDIT rearing/models/db.py: 0
[2019-03-05 08:09:19] EDIT rearing/models/db.py: 0
[2019-03-05 08:23:58] EDIT rearing/models/db.py: 3
[2019-03-05 08:24:54] EDIT rearing/models/db.py: 0
[2019-03-05 08:25:22] EDIT rearing/models/db.py: -1
[2019-03-05 08:27:46] EDIT rearing/views/default/index.html: 0
[2019-03-04 23:51:32] EDIT rearing/controllers/default.py: 0
[2019-03-05 00:02:10] EDIT rearing/models/db.py: 1
[2019-03-05 00:38:03] EDIT rearing/controllers/default.py: 1
[2019-03-05 01:20:26] EDIT rearing/controllers/default.py: 2
[2019-03-05 01:20:54] EDIT rearing/controllers/default.py: 0
[2019-03-05 02:33:02] EDIT rearing/models/menu.py: 1
[2019-03-05 02:33:19] EDIT rearing/models/menu.py: 0
[2019-03-05 07:58:56] EDIT rearing/controllers/default.py: 4
[2019-03-05 07:59:38] EDIT rearing/controllers/default.py: 0
[2019-03-06 01:40:28] EDIT rearing/controllers/default.py: 22
[2019-03-06 01:40:43] EDIT rearing/controllers/default.py: 0
[2019-03-06 01:42:46] CREATE default/checkin_form.html: 0
[2019-03-07 00:52:19] EDIT rearing/controllers/default.py: 10
[2019-03-07 00:53:27] CREATE default/bioassay_summary.html: 0
[2019-03-07 00:55:37] EDIT rearing/views/default/bioassay_summary.html: 15
[2019-03-07 01:05:50] EDIT rearing/controllers/default.py: 1
[2019-03-07 01:07:13] EDIT rearing/controllers/default.py: -1
[2019-03-07 01:08:25] EDIT rearing/views/default/bioassay_summary.html: 2
[2019-03-07 01:08:50] EDIT rearing/views/default/bioassay_summary.html: 0
[2019-03-07 01:15:19] EDIT rearing/models/menu.py: 2
[2019-03-07 01:15:32] EDIT rearing/models/menu.py: 0
[2019-03-07 08:44:48] EDIT rearing/models/db.py: 0
[2019-03-09 02:45:17] EDIT rearing/views/default/import_obs_csv.html: 1
[2019-03-09 02:46:06] EDIT rearing/views/default/import_obs_csv.html: 1
[2019-03-09 02:47:09] EDIT rearing/views/default/import_obs_csv.html: -1
[2019-03-09 09:58:10] EDIT rearing/views/default/index.html: 0
[2019-03-09 10:04:11] EDIT rearing/models/db.py: 5
[2019-03-09 10:04:31] EDIT rearing/models/db.py: 0
[2019-03-09 10:05:49] EDIT rearing/controllers/default.py: 4
[2019-03-09 10:48:24] EDIT rearing/controllers/default.py: 2
[2019-03-09 10:48:37] EDIT rearing/controllers/default.py: 0
[2019-03-09 10:56:40] EDIT rearing/controllers/default.py: 4
[2019-03-09 10:57:57] EDIT rearing/controllers/default.py: 1
[2019-03-09 10:59:22] EDIT rearing/controllers/default.py: 0
[2019-03-09 11:01:31] EDIT rearing/controllers/default.py: 0
[2019-03-09 11:09:00] EDIT rearing/controllers/default.py: 6
[2019-03-09 11:09:46] EDIT rearing/controllers/default.py: 0
[2019-03-09 11:11:14] EDIT rearing/controllers/default.py: 0
[2019-03-09 11:11:36] EDIT rearing/controllers/default.py: 0
[2019-03-09 11:15:14] EDIT rearing/controllers/default.py: 0
[2019-03-09 11:18:57] EDIT rearing/controllers/default.py: 0
[2019-03-09 11:22:15] EDIT rearing/controllers/default.py: 1
[2019-03-09 11:24:26] EDIT rearing/controllers/default.py: 0
[2019-03-09 11:32:12] EDIT rearing/controllers/default.py: 0
[2019-03-09 11:32:27] EDIT rearing/controllers/default.py: 0
[2019-03-10 00:55:03] EDIT rearing/controllers/default.py: 39
[2019-03-10 00:57:08] EDIT rearing/controllers/default.py: 0
[2019-03-10 01:17:52] EDIT rearing/controllers/default.py: 7
[2019-03-10 01:18:50] EDIT rearing/controllers/default.py: 0
[2019-03-10 01:39:41] EDIT rearing/controllers/default.py: 6
[2019-03-10 02:51:23] EDIT rearing/controllers/default.py: 5
[2019-03-16 01:30:25] EDIT rearing/models/db.py: 1
[2019-03-16 01:31:09] EDIT rearing/models/db.py: 0
[2019-03-16 06:34:55] EDIT rearing/controllers/default.py: 1
[2019-03-16 17:40:14] EDIT rearing/models/db.py: 0
[2019-03-16 17:41:13] EDIT rearing/models/db.py: 0
[2019-03-17 08:11:51] EDIT rearing/controllers/default.py: 26
[2019-03-17 08:39:23] EDIT rearing/controllers/default.py: -6
[2019-03-17 08:39:45] EDIT rearing/controllers/default.py: 0
[2019-03-17 08:42:02] EDIT rearing/controllers/default.py: 1
[2019-03-17 08:44:02] EDIT rearing/controllers/default.py: 1
[2019-03-17 08:45:21] EDIT rearing/controllers/default.py: 0
[2019-03-17 09:00:14] EDIT rearing/controllers/default.py: 0
[2019-03-17 09:03:11] EDIT rearing/controllers/default.py: 1
[2019-03-17 09:38:16] EDIT rearing/controllers/default.py: 0
[2019-03-17 09:58:26] EDIT rearing/controllers/default.py: 1
[2019-03-17 10:02:49] EDIT rearing/controllers/default.py: 0
[2019-03-17 10:03:51] EDIT rearing/controllers/default.py: 0
[2019-03-17 12:24:02] EDIT rearing/controllers/default.py: 4
[2019-03-17 12:24:17] EDIT rearing/controllers/default.py: 0
[2019-03-17 12:26:30] EDIT rearing/controllers/default.py: 0
[2019-03-17 12:32:00] EDIT rearing/controllers/default.py: 1
[2019-03-17 12:34:44] EDIT rearing/controllers/default.py: 0
[2019-03-17 12:37:12] EDIT rearing/controllers/default.py: 0
[2019-03-17 12:39:06] EDIT rearing/controllers/default.py: 0
[2019-03-17 13:57:42] EDIT rearing/controllers/default.py: 0
[2019-03-17 13:59:16] EDIT rearing/controllers/default.py: 0
[2019-03-17 14:23:16] EDIT rearing/controllers/default.py: 2
[2019-03-17 17:34:53] EDIT rearing/controllers/default.py: 8
[2019-03-17 17:38:51] EDIT rearing/controllers/default.py: 0
[2019-03-17 17:41:12] EDIT rearing/controllers/default.py: 0
[2019-03-17 19:47:07] EDIT rearing/controllers/default.py: 0
[2019-03-17 19:51:23] EDIT rearing/controllers/default.py: 0
[2019-03-17 20:00:21] EDIT rearing/models/menu.py: 1
[2019-03-17 20:00:39] EDIT rearing/models/menu.py: 0
[2019-03-17 20:10:00] EDIT rearing/controllers/default.py: -1
[2019-03-17 20:12:31] EDIT rearing/controllers/default.py: 0
[2019-03-17 20:14:22] CREATE default/bioassay_form.html: 0
[2019-03-17 20:14:55] EDIT rearing/views/default/bioassay_form.html: 0
[2019-03-17 20:19:24] EDIT rearing/views/default/bioassay_form.html: 0
[2019-03-17 20:20:48] EDIT rearing/views/default/index.html: 0
[2019-03-21 05:49:02] EDIT rearing/controllers/default.py: 0
[2019-03-21 06:20:12] EDIT rearing/controllers/default.py: 0
[2019-03-21 07:07:14] EDIT rearing/controllers/default.py: 0
[2019-03-21 09:20:59] EDIT rearing/controllers/default.py: 2
[2019-03-21 09:21:24] EDIT rearing/controllers/default.py: 0
[2019-03-21 09:27:38] EDIT rearing/controllers/default.py: 0
[2019-04-16 19:53:08] EDIT rearing/controllers/default.py: 6
[2019-04-16 20:14:41] EDIT rearing/controllers/default.py: 2
[2019-04-16 23:16:32] EDIT rearing/views/default/report_form.html: 0
[2019-04-16 23:16:38] EDIT rearing/views/default/report_form.html: 0
[2019-04-16 23:29:57] EDIT rearing/controllers/default.py: 0
[2019-04-16 23:34:12] EDIT rearing/controllers/default.py: 0
[2019-04-16 23:39:34] EDIT rearing/controllers/default.py: 0
[2019-04-16 23:42:22] EDIT rearing/controllers/default.py: 0
[2019-04-16 23:50:16] EDIT rearing/controllers/default.py: -3
[2019-04-16 23:57:00] EDIT rearing/models/menu.py: 1
[2019-04-16 23:58:34] EDIT rearing/controllers/default.py: 3
[2019-04-17 00:02:16] EDIT rearing/controllers/default.py: 1
[2019-04-17 22:41:13] EDIT rearing/controllers/default.py: 12
[2019-04-17 22:42:41] CREATE default/bioassay_summary1.html: 0
[2019-04-17 22:43:23] EDIT rearing/views/default/bioassay_summary1.html: 1
[2019-04-17 22:43:54] EDIT rearing/views/default/bioassay_summary1.html: 0
[2019-04-17 22:49:01] EDIT rearing/controllers/default.py: -9
[2019-04-17 22:49:22] DELETE rearing/views/default/bioassay_summary1.html: -4
[2019-04-17 22:58:10] EDIT rearing/controllers/default.py: 9
[2019-04-17 22:58:46] EDIT rearing/views/default/bioassay_summary.html: 3
[2019-04-17 23:05:31] EDIT rearing/controllers/default.py: 1
[2019-04-17 23:05:37] EDIT rearing/controllers/default.py: 0
[2019-04-17 23:14:48] EDIT rearing/views/default/bioassay_summary.html: 0
[2019-04-17 23:18:23] EDIT rearing/controllers/default.py: -8
[2019-04-17 23:18:40] EDIT rearing/views/default/bioassay_summary.html: 0
[2019-04-17 23:36:07] EDIT rearing/controllers/default.py: 2
[2019-04-17 23:37:29] CREATE default/caca.html: 0
[2019-04-17 23:37:49] EDIT rearing/views/default/caca.html: 1
[2019-04-17 23:38:44] EDIT rearing/views/default/caca.html: -2
[2019-04-17 23:40:35] EDIT rearing/controllers/default.py: -2
[2019-04-17 23:40:49] EDIT rearing/views/default/bioassay_summary.html: -3
[2019-10-19 00:10:39] EDIT rearing/controllers/default.py: 0
[2019-10-22 21:25:12] EDIT rearing/views/default/import_obs_csv.html: 6
[2019-10-22 21:27:30] EDIT rearing/views/default/import_obs_csv.html: 1
[2019-10-22 21:30:04] EDIT rearing/views/default/import_obs_csv.html: 0
[2019-10-22 21:31:00] EDIT rearing/views/default/import_btl_csv.html: 3
[2019-10-22 21:32:43] EDIT rearing/views/default/import_btl_csv.html: 1
[2019-10-22 21:34:03] EDIT rearing/views/default/import_btl_csv.html: 0
[2019-10-22 21:44:10] EDIT rearing/views/default/report_form.html: -2
[2019-10-22 21:47:51] EDIT rearing/views/default/report_form.html: 0
[2019-10-23 00:14:08] EDIT rearing/controllers/default.py: 2
[2019-10-23 17:05:41] EDIT rearing3/controllers/default.py: 1
[2019-10-23 18:39:36] EDIT rearing3/controllers/default.py: 23
[2019-10-23 18:39:44] EDIT rearing3/controllers/default.py: 0
[2019-10-23 18:41:36] EDIT rearing3/controllers/default.py: 0
[2019-10-23 18:49:19] EDIT rearing3/controllers/default.py: 0
[2019-10-23 18:51:24] EDIT rearing3/controllers/default.py: 0
[2019-10-25 12:31:17] EDIT rearing3/views/default/index.html: 0
