This is pdfTeX, Version 3.14159265-2.6-1.40.16 (TeX Live 2015/Debian) (preloaded format=pdflatex 2018.10.13)  27 OCT 2019 15:19
entering extended mode
 restricted \write18 enabled.
 %&-line parsing enabled.
**report.tex
(./report.tex
LaTeX2e <2016/02/01>
Babel <3.9q> and hyphenation patterns for 81 language(s) loaded.
(/usr/share/texlive/texmf-dist/tex/latex/koma-script/scrartcl.cls
Document Class: scrartcl 2015/10/03 v3.19a KOMA-Script document class (article)

(/usr/share/texlive/texmf-dist/tex/latex/koma-script/scrkbase.sty
Package: scrkbase 2015/10/03 v3.19a KOMA-Script package (KOMA-Script-dependent 
basics and keyval usage)

(/usr/share/texlive/texmf-dist/tex/latex/koma-script/scrbase.sty
Package: scrbase 2015/10/03 v3.19a KOMA-Script package (KOMA-Script-independent
 basics and keyval usage)

(/usr/share/texlive/texmf-dist/tex/latex/graphics/keyval.sty
Package: keyval 2014/10/28 v1.15 key=value parser (DPC)
\KV@toks@=\toks14
)
(/usr/share/texlive/texmf-dist/tex/latex/koma-script/scrlfile.sty
Package: scrlfile 2015/10/03 v3.19a KOMA-Script package (loading files)

Package scrlfile, 2015/10/03 v3.19a KOMA-Script package (loading files)
                  Copyright (C) Markus Kohm

))) (/usr/share/texlive/texmf-dist/tex/latex/koma-script/tocbasic.sty
Package: tocbasic 2015/10/03 v3.19a KOMA-Script package (handling toc-files)
)
Package tocbasic Info: omitting babel extension for `toc'
(tocbasic)             because of feature `nobabel' available
(tocbasic)             for `toc' on input line 123.
Package tocbasic Info: omitting babel extension for `lof'
(tocbasic)             because of feature `nobabel' available
(tocbasic)             for `lof' on input line 124.
Package tocbasic Info: omitting babel extension for `lot'
(tocbasic)             because of feature `nobabel' available
(tocbasic)             for `lot' on input line 125.
Package scrartcl Info: You've used standard option `11pt'.
(scrartcl)             This is correct!
(scrartcl)             Internally I'm using `fontsize=11pt'.
(scrartcl)             If you'd like to set the option with \KOMAoptions,
(scrartcl)             you'd have to use `fontsize=11pt' there
(scrartcl)             instead of `11pt', too.
Class scrartcl Info: File `scrsize11pt.clo' used to setup font sizes on input l
ine 2033.

(/usr/share/texlive/texmf-dist/tex/latex/koma-script/scrsize11pt.clo
File: scrsize11pt.clo 2015/10/03 v3.19a KOMA-Script font size class option (11p
t)
)
(/usr/share/texlive/texmf-dist/tex/latex/koma-script/typearea.sty
Package: typearea 2015/10/03 v3.19a KOMA-Script package (type area)

Package typearea, 2015/10/03 v3.19a KOMA-Script package (type area)
                  Copyright (C) Frank Neukam, 1992-1994
                  Copyright (C) Markus Kohm, 1994-

\ta@bcor=\skip41
\ta@div=\count79
\ta@hblk=\skip42
\ta@vblk=\skip43
\ta@temp=\skip44
\footheight=\skip45
Package typearea Info: These are the values describing the layout:
(typearea)             DIV  = 10
(typearea)             BCOR = 0.0pt
(typearea)             \paperwidth      = 597.50793pt
(typearea)              \textwidth      = 418.25555pt
(typearea)              DIV departure   = -6%
(typearea)              \evensidemargin = 17.3562pt
(typearea)              \oddsidemargin  = 17.3562pt
(typearea)             \paperheight     = 845.04694pt
(typearea)              \textheight     = 595.80026pt
(typearea)              \topmargin      = -25.16531pt
(typearea)              \headheight     = 17.0pt
(typearea)              \headsep        = 20.40001pt
(typearea)              \topskip        = 11.0pt
(typearea)              \footskip       = 47.6pt
(typearea)              \baselineskip   = 13.6pt
(typearea)              on input line 1509.
)
\c@part=\count80
\c@section=\count81
\c@subsection=\count82
\c@subsubsection=\count83
\c@paragraph=\count84
\c@subparagraph=\count85
LaTeX Info: Redefining \textsubscript on input line 3906.
\abovecaptionskip=\skip46
\belowcaptionskip=\skip47
\c@pti@nb@sid@b@x=\box26
\c@figure=\count86
\c@table=\count87
\bibindent=\dimen102
) (/usr/share/texlive/texmf-dist/tex/latex/base/textcomp.sty
Package: textcomp 2005/09/27 v1.99g Standard LaTeX package
Package textcomp Info: Sub-encoding information:
(textcomp)               5 = only ISO-Adobe without \textcurrency
(textcomp)               4 = 5 + \texteuro
(textcomp)               3 = 4 + \textohm
(textcomp)               2 = 3 + \textestimated + \textcurrency
(textcomp)               1 = TS1 - \textcircled - \t
(textcomp)               0 = TS1 (full)
(textcomp)             Font families with sub-encoding setting implement
(textcomp)             only a restricted character set as indicated.
(textcomp)             Family '?' is the default used for unknown fonts.
(textcomp)             See the documentation for details.
Package textcomp Info: Setting ? sub-encoding to TS1/1 on input line 79.

(/usr/share/texlive/texmf-dist/tex/latex/base/ts1enc.def
File: ts1enc.def 2001/06/05 v3.0e (jk/car/fm) Standard LaTeX file
)
LaTeX Info: Redefining \oldstylenums on input line 334.
Package textcomp Info: Setting cmr sub-encoding to TS1/0 on input line 349.
Package textcomp Info: Setting cmss sub-encoding to TS1/0 on input line 350.
Package textcomp Info: Setting cmtt sub-encoding to TS1/0 on input line 351.
Package textcomp Info: Setting cmvtt sub-encoding to TS1/0 on input line 352.
Package textcomp Info: Setting cmbr sub-encoding to TS1/0 on input line 353.
Package textcomp Info: Setting cmtl sub-encoding to TS1/0 on input line 354.
Package textcomp Info: Setting ccr sub-encoding to TS1/0 on input line 355.
Package textcomp Info: Setting ptm sub-encoding to TS1/4 on input line 356.
Package textcomp Info: Setting pcr sub-encoding to TS1/4 on input line 357.
Package textcomp Info: Setting phv sub-encoding to TS1/4 on input line 358.
Package textcomp Info: Setting ppl sub-encoding to TS1/3 on input line 359.
Package textcomp Info: Setting pag sub-encoding to TS1/4 on input line 360.
Package textcomp Info: Setting pbk sub-encoding to TS1/4 on input line 361.
Package textcomp Info: Setting pnc sub-encoding to TS1/4 on input line 362.
Package textcomp Info: Setting pzc sub-encoding to TS1/4 on input line 363.
Package textcomp Info: Setting bch sub-encoding to TS1/4 on input line 364.
Package textcomp Info: Setting put sub-encoding to TS1/5 on input line 365.
Package textcomp Info: Setting uag sub-encoding to TS1/5 on input line 366.
Package textcomp Info: Setting ugq sub-encoding to TS1/5 on input line 367.
Package textcomp Info: Setting ul8 sub-encoding to TS1/4 on input line 368.
Package textcomp Info: Setting ul9 sub-encoding to TS1/4 on input line 369.
Package textcomp Info: Setting augie sub-encoding to TS1/5 on input line 370.
Package textcomp Info: Setting dayrom sub-encoding to TS1/3 on input line 371.
Package textcomp Info: Setting dayroms sub-encoding to TS1/3 on input line 372.

Package textcomp Info: Setting pxr sub-encoding to TS1/0 on input line 373.
Package textcomp Info: Setting pxss sub-encoding to TS1/0 on input line 374.
Package textcomp Info: Setting pxtt sub-encoding to TS1/0 on input line 375.
Package textcomp Info: Setting txr sub-encoding to TS1/0 on input line 376.
Package textcomp Info: Setting txss sub-encoding to TS1/0 on input line 377.
Package textcomp Info: Setting txtt sub-encoding to TS1/0 on input line 378.
Package textcomp Info: Setting lmr sub-encoding to TS1/0 on input line 379.
Package textcomp Info: Setting lmdh sub-encoding to TS1/0 on input line 380.
Package textcomp Info: Setting lmss sub-encoding to TS1/0 on input line 381.
Package textcomp Info: Setting lmssq sub-encoding to TS1/0 on input line 382.
Package textcomp Info: Setting lmvtt sub-encoding to TS1/0 on input line 383.
Package textcomp Info: Setting lmtt sub-encoding to TS1/0 on input line 384.
Package textcomp Info: Setting qhv sub-encoding to TS1/0 on input line 385.
Package textcomp Info: Setting qag sub-encoding to TS1/0 on input line 386.
Package textcomp Info: Setting qbk sub-encoding to TS1/0 on input line 387.
Package textcomp Info: Setting qcr sub-encoding to TS1/0 on input line 388.
Package textcomp Info: Setting qcs sub-encoding to TS1/0 on input line 389.
Package textcomp Info: Setting qpl sub-encoding to TS1/0 on input line 390.
Package textcomp Info: Setting qtm sub-encoding to TS1/0 on input line 391.
Package textcomp Info: Setting qzc sub-encoding to TS1/0 on input line 392.
Package textcomp Info: Setting qhvc sub-encoding to TS1/0 on input line 393.
Package textcomp Info: Setting futs sub-encoding to TS1/4 on input line 394.
Package textcomp Info: Setting futx sub-encoding to TS1/4 on input line 395.
Package textcomp Info: Setting futj sub-encoding to TS1/4 on input line 396.
Package textcomp Info: Setting hlh sub-encoding to TS1/3 on input line 397.
Package textcomp Info: Setting hls sub-encoding to TS1/3 on input line 398.
Package textcomp Info: Setting hlst sub-encoding to TS1/3 on input line 399.
Package textcomp Info: Setting hlct sub-encoding to TS1/5 on input line 400.
Package textcomp Info: Setting hlx sub-encoding to TS1/5 on input line 401.
Package textcomp Info: Setting hlce sub-encoding to TS1/5 on input line 402.
Package textcomp Info: Setting hlcn sub-encoding to TS1/5 on input line 403.
Package textcomp Info: Setting hlcw sub-encoding to TS1/5 on input line 404.
Package textcomp Info: Setting hlcf sub-encoding to TS1/5 on input line 405.
Package textcomp Info: Setting pplx sub-encoding to TS1/3 on input line 406.
Package textcomp Info: Setting pplj sub-encoding to TS1/3 on input line 407.
Package textcomp Info: Setting ptmx sub-encoding to TS1/4 on input line 408.
Package textcomp Info: Setting ptmj sub-encoding to TS1/4 on input line 409.
)
(/usr/share/texlive/texmf-dist/tex/latex/was/gensymb.sty
Package: gensymb 2003/07/02 v1.0 (WaS)
)
(/usr/share/texlive/texmf-dist/tex/latex/graphics/graphicx.sty
Package: graphicx 2014/10/28 v1.0g Enhanced LaTeX Graphics (DPC,SPQR)

(/usr/share/texlive/texmf-dist/tex/latex/graphics/graphics.sty
Package: graphics 2016/01/03 v1.0q Standard LaTeX Graphics (DPC,SPQR)

(/usr/share/texlive/texmf-dist/tex/latex/graphics/trig.sty
Package: trig 2016/01/03 v1.10 sin cos tan (DPC)
)
(/usr/share/texlive/texmf-dist/tex/latex/latexconfig/graphics.cfg
File: graphics.cfg 2010/04/23 v1.9 graphics configuration of TeX Live
)
Package graphics Info: Driver file: pdftex.def on input line 95.

(/usr/share/texlive/texmf-dist/tex/latex/pdftex-def/pdftex.def
File: pdftex.def 2011/05/27 v0.06d Graphics/color for pdfTeX

(/usr/share/texlive/texmf-dist/tex/generic/oberdiek/infwarerr.sty
Package: infwarerr 2010/04/08 v1.3 Providing info/warning/error messages (HO)
)
(/usr/share/texlive/texmf-dist/tex/generic/oberdiek/ltxcmds.sty
Package: ltxcmds 2011/11/09 v1.22 LaTeX kernel commands for general use (HO)
)
\Gread@gobject=\count88
))
\Gin@req@height=\dimen103
\Gin@req@width=\dimen104
)
(/usr/share/texlive/texmf-dist/tex/latex/oberdiek/grffile.sty
Package: grffile 2012/04/05 v1.16 Extended file name support for graphics (HO)

(/usr/share/texlive/texmf-dist/tex/generic/oberdiek/ifpdf.sty
Package: ifpdf 2011/01/30 v2.3 Provides the ifpdf switch (HO)
Package ifpdf Info: pdfTeX in PDF mode is detected.
)
(/usr/share/texlive/texmf-dist/tex/generic/ifxetex/ifxetex.sty
Package: ifxetex 2010/09/12 v0.6 Provides ifxetex conditional
)
(/usr/share/texlive/texmf-dist/tex/latex/oberdiek/kvoptions.sty
Package: kvoptions 2011/06/30 v3.11 Key value format for package options (HO)

(/usr/share/texlive/texmf-dist/tex/generic/oberdiek/kvsetkeys.sty
Package: kvsetkeys 2012/04/25 v1.16 Key value parser (HO)

(/usr/share/texlive/texmf-dist/tex/generic/oberdiek/etexcmds.sty
Package: etexcmds 2011/02/16 v1.5 Avoid name clashes with e-TeX commands (HO)

(/usr/share/texlive/texmf-dist/tex/generic/oberdiek/ifluatex.sty
Package: ifluatex 2010/03/01 v1.3 Provides the ifluatex switch (HO)
Package ifluatex Info: LuaTeX not detected.
)
Package etexcmds Info: Could not find \expanded.
(etexcmds)             That can mean that you are not using pdfTeX 1.50 or
(etexcmds)             that some package has redefined \expanded.
(etexcmds)             In the latter case, load this package earlier.
)))
(/usr/share/texlive/texmf-dist/tex/generic/oberdiek/pdftexcmds.sty
Package: pdftexcmds 2011/11/29 v0.20 Utility functions of pdfTeX for LuaTeX (HO
)
Package pdftexcmds Info: LuaTeX not detected.
Package pdftexcmds Info: \pdf@primitive is available.
Package pdftexcmds Info: \pdf@ifprimitive is available.
Package pdftexcmds Info: \pdfdraftmode found.
)
Package grffile Info: Option `multidot' is set to `true'.
Package grffile Info: Option `extendedchars' is set to `false'.
Package grffile Info: Option `space' is set to `true'.
Package grffile Info: \Gin@ii of package `graphicx' fixed on input line 486.
)
(/usr/share/texlive/texmf-dist/tex/latex/booktabs/booktabs.sty
Package: booktabs 2005/04/14 v1.61803 publication quality tables
\heavyrulewidth=\dimen105
\lightrulewidth=\dimen106
\cmidrulewidth=\dimen107
\belowrulesep=\dimen108
\belowbottomsep=\dimen109
\aboverulesep=\dimen110
\abovetopsep=\dimen111
\cmidrulesep=\dimen112
\cmidrulekern=\dimen113
\defaultaddspace=\dimen114
\@cmidla=\count89
\@cmidlb=\count90
\@aboverulesep=\dimen115
\@belowrulesep=\dimen116
\@thisruleclass=\count91
\@lastruleclass=\count92
\@thisrulewidth=\dimen117
)
(/usr/share/texlive/texmf-dist/tex/latex/geometry/geometry.sty
Package: geometry 2010/09/12 v5.6 Page Geometry

(/usr/share/texlive/texmf-dist/tex/generic/oberdiek/ifvtex.sty
Package: ifvtex 2010/03/01 v1.5 Detect VTeX and its facilities (HO)
Package ifvtex Info: VTeX not detected.
)
\Gm@cnth=\count93
\Gm@cntv=\count94
\c@Gm@tempcnt=\count95
\Gm@bindingoffset=\dimen118
\Gm@wd@mp=\dimen119
\Gm@odd@mp=\dimen120
\Gm@even@mp=\dimen121
\Gm@layoutwidth=\dimen122
\Gm@layoutheight=\dimen123
\Gm@layouthoffset=\dimen124
\Gm@layoutvoffset=\dimen125
\Gm@dimlist=\toks15
) (./report.aux)
\openout1 = `report.aux'.

LaTeX Font Info:    Checking defaults for OML/cmm/m/it on input line 16.
LaTeX Font Info:    ... okay on input line 16.
LaTeX Font Info:    Checking defaults for T1/cmr/m/n on input line 16.
LaTeX Font Info:    ... okay on input line 16.
LaTeX Font Info:    Checking defaults for OT1/cmr/m/n on input line 16.
LaTeX Font Info:    ... okay on input line 16.
LaTeX Font Info:    Checking defaults for OMS/cmsy/m/n on input line 16.
LaTeX Font Info:    ... okay on input line 16.
LaTeX Font Info:    Checking defaults for OMX/cmex/m/n on input line 16.
LaTeX Font Info:    ... okay on input line 16.
LaTeX Font Info:    Checking defaults for U/cmr/m/n on input line 16.
LaTeX Font Info:    ... okay on input line 16.
LaTeX Font Info:    Checking defaults for TS1/cmr/m/n on input line 16.
LaTeX Font Info:    Try loading font information for TS1+cmr on input line 16.
(/usr/share/texlive/texmf-dist/tex/latex/base/ts1cmr.fd
File: ts1cmr.fd 2014/09/29 v2.5h Standard LaTeX font definitions
)
LaTeX Font Info:    ... okay on input line 16.
\symgns@font=\mathgroup4
LaTeX Font Info:    Overwriting symbol font `gns@font' in version `bold'
(Font)                  TS1/cmr/m/n --> TS1/cmr/bx/n on input line 16.
Package gensymb Info: Math companion symbols declared on input line 16.
LaTeX Info: Redefining \degree on input line 16.
LaTeX Info: Redefining \celsius on input line 16.
Package gensymb Info: Using text companion symbols for \degree, \celsius and \p
erthousand on input line 16.
LaTeX Info: Redefining \ohm on input line 16.
Package gensymb Info: Using \textohm for \ohm on input line 16.
Package gensymb Info: Using \textmu for \micro on input line 16.

(/usr/share/texlive/texmf-dist/tex/context/base/supp-pdf.mkii
[Loading MPS to PDF converter (version 2006.09.02).]
\scratchcounter=\count96
\scratchdimen=\dimen126
\scratchbox=\box27
\nofMPsegments=\count97
\nofMParguments=\count98
\everyMPshowfont=\toks16
\MPscratchCnt=\count99
\MPscratchDim=\dimen127
\MPnumerator=\count100
\makeMPintoPDFobject=\count101
\everyMPtoPDFconversion=\toks17
) (/usr/share/texlive/texmf-dist/tex/latex/oberdiek/epstopdf-base.sty
Package: epstopdf-base 2010/02/09 v2.5 Base part for package epstopdf

(/usr/share/texlive/texmf-dist/tex/latex/oberdiek/grfext.sty
Package: grfext 2010/08/19 v1.1 Manage graphics extensions (HO)

(/usr/share/texlive/texmf-dist/tex/generic/oberdiek/kvdefinekeys.sty
Package: kvdefinekeys 2011/04/07 v1.3 Define keys (HO)
))
Package grfext Info: Graphics extension search list:
(grfext)             [.png,.pdf,.jpg,.mps,.jpeg,.jbig2,.jb2,.PNG,.PDF,.JPG,.JPE
G,.JBIG2,.JB2,.eps]
(grfext)             \AppendGraphicsExtensions on input line 452.

(/usr/share/texlive/texmf-dist/tex/latex/latexconfig/epstopdf-sys.cfg
File: epstopdf-sys.cfg 2010/07/13 v1.3 Configuration of (r)epstopdf for TeX Liv
e
))
*geometry* driver: auto-detecting
*geometry* detected driver: pdftex
*geometry* verbose mode - [ preamble ] result:
* driver: pdftex
* paper: letterpaper
* layout: <same size as paper>
* layoutoffset:(h,v)=(0.0pt,0.0pt)
* modes: 
* h-part:(L,W,R)=(72.26999pt, 469.75502pt, 72.26999pt)
* v-part:(T,H,B)=(72.26999pt, 650.43001pt, 72.26999pt)
* \paperwidth=614.295pt
* \paperheight=794.96999pt
* \textwidth=469.75502pt
* \textheight=650.43001pt
* \oddsidemargin=0.0pt
* \evensidemargin=0.0pt
* \topmargin=-37.40001pt
* \headheight=17.0pt
* \headsep=20.40001pt
* \topskip=11.0pt
* \footskip=47.6pt
* \marginparwidth=59.7508pt
* \marginparsep=12.8401pt
* \columnsep=10.0pt
* \skip\footins=10.0pt plus 4.0pt minus 2.0pt
* \hoffset=0.0pt
* \voffset=0.0pt
* \mag=1000
* \@twocolumnfalse
* \@twosidefalse
* \@mparswitchfalse
* \@reversemarginfalse
* (1in=72.27pt=25.4mm, 1cm=28.453pt)

<static/images/crb_logo.png, id=1, 135.50626pt x 135.50626pt>
File: static/images/crb_logo.png Graphic file (type png)

<use static/images/crb_logo.png>
Package pdftex.def Info: static/images/crb_logo.png used on input line 19.
(pdftex.def)             Requested size: 54.2025pt x 54.20152pt.
LaTeX Font Info:    External font `cmex10' loaded for size
(Font)              <14.4> on input line 19.
LaTeX Font Info:    External font `cmex10' loaded for size
(Font)              <7> on input line 19.
 (./report.toc
LaTeX Font Info:    External font `cmex10' loaded for size
(Font)              <10.95> on input line 3.
LaTeX Font Info:    External font `cmex10' loaded for size
(Font)              <8> on input line 3.
LaTeX Font Info:    External font `cmex10' loaded for size
(Font)              <6> on input line 3.
)
\tf@toc=\write3
\openout3 = `report.toc'.

 [1


{/var/lib/texmf/fonts/map/pdftex/updmap/pdftex.map} <./static/images/crb_logo.p
ng (PNG copy)>] [2

]
<survivorshipfig.pdf, id=15, 1300.86pt x 433.62pt>
File: survivorshipfig.pdf Graphic file (type pdf)
 <use survivorshipfig.pdf>
Package pdftex.def Info: survivorshipfig.pdf used on input line 51.
(pdftex.def)             Requested size: 469.75502pt x 156.58607pt.

[3

 <./survivorshipfig.pdf>] <bp.pdf, id=53, 433.62pt x 289.08pt>
File: bp.pdf Graphic file (type pdf)
 <use bp.pdf>
Package pdftex.def Info: bp.pdf used on input line 75.
(pdftex.def)             Requested size: 469.75502pt x 313.1854pt.

[4

 <./bp.pdf>]
<uploads/btl.pm_image.925167688fe01c89.447567343220313137345f5265702d3120636f6e
74726f6c2e6a7067.jpg, id=93, 4047.12pt x 1967.35pt>
File: uploads/btl.pm_image.925167688fe01c89.447567343220313137345f5265702d31206
36f6e74726f6c2e6a7067.jpg Graphic file (type jpg)

<use uploads/btl.pm_image.925167688fe01c89.447567343220313137345f5265702d312063
6f6e74726f6c2e6a7067.jpg>
Package pdftex.def Info: uploads/btl.pm_image.925167688fe01c89.4475673432203131
37345f5265702d3120636f6e74726f6c2e6a7067.jpg used on input line 95.
(pdftex.def)             Requested size: 469.70091pt x 228.32683pt.
 [5

 <./uploads/btl.pm_image.925167688fe01c89.447567343220313137345f5265702d3120636
f6e74726f6c2e6a7067.jpg>]
<uploads/btl.pm_image.bb8525578c5296ca.4475673432203831395f5265702d3120636f6e74
726f6c2e6a7067.jpg, id=97, 4047.12pt x 1967.35pt>
File: uploads/btl.pm_image.bb8525578c5296ca.4475673432203831395f5265702d3120636
f6e74726f6c2e6a7067.jpg Graphic file (type jpg)

<use uploads/btl.pm_image.bb8525578c5296ca.4475673432203831395f5265702d3120636f
6e74726f6c2e6a7067.jpg>
Package pdftex.def Info: uploads/btl.pm_image.bb8525578c5296ca.4475673432203831
395f5265702d3120636f6e74726f6c2e6a7067.jpg used on input line 102.
(pdftex.def)             Requested size: 469.70091pt x 228.32683pt.
 [6

 <./uploads/btl.pm_image.bb8525578c5296ca.4475673432203831395f5265702d3120636f6
e74726f6c2e6a7067.jpg>]
<uploads/btl.pm_image.8f9bf227098434cd.4475673432203331325f5265702d3120636f6e74
7a726f6c2e6a7067.jpg, id=101, 4047.12pt x 1967.35pt>
File: uploads/btl.pm_image.8f9bf227098434cd.4475673432203331325f5265702d3120636
f6e747a726f6c2e6a7067.jpg Graphic file (type jpg)

<use uploads/btl.pm_image.8f9bf227098434cd.4475673432203331325f5265702d3120636f
6e747a726f6c2e6a7067.jpg>
Package pdftex.def Info: uploads/btl.pm_image.8f9bf227098434cd.4475673432203331
325f5265702d3120636f6e747a726f6c2e6a7067.jpg used on input line 109.
(pdftex.def)             Requested size: 469.70091pt x 228.32683pt.
 [7

 <./uploads/btl.pm_image.8f9bf227098434cd.4475673432203331325f5265702d3120636f6
e747a726f6c2e6a7067.jpg>]
<uploads/btl.pm_image.b2c675174fdd2eda.447567343220313733385f5265702d3120636f6e
74726f6c2e6a7067.jpg, id=106, 4047.12pt x 1967.35pt>
File: uploads/btl.pm_image.b2c675174fdd2eda.447567343220313733385f5265702d31206
36f6e74726f6c2e6a7067.jpg Graphic file (type jpg)

<use uploads/btl.pm_image.b2c675174fdd2eda.447567343220313733385f5265702d312063
6f6e74726f6c2e6a7067.jpg>
Package pdftex.def Info: uploads/btl.pm_image.b2c675174fdd2eda.4475673432203137
33385f5265702d3120636f6e74726f6c2e6a7067.jpg used on input line 116.
(pdftex.def)             Requested size: 469.70091pt x 228.32683pt.
 [8

 <./uploads/btl.pm_image.b2c675174fdd2eda.447567343220313733385f5265702d3120636
f6e74726f6c2e6a7067.jpg>]
<uploads/btl.pm_image.950cdb8728985088.447567343220313031375f5265702d3120636f6e
74726f6c2e6a7067.jpg, id=110, 4047.12pt x 1967.35pt>
File: uploads/btl.pm_image.950cdb8728985088.447567343220313031375f5265702d31206
36f6e74726f6c2e6a7067.jpg Graphic file (type jpg)

<use uploads/btl.pm_image.950cdb8728985088.447567343220313031375f5265702d312063
6f6e74726f6c2e6a7067.jpg>
Package pdftex.def Info: uploads/btl.pm_image.950cdb8728985088.4475673432203130
31375f5265702d3120636f6e74726f6c2e6a7067.jpg used on input line 123.
(pdftex.def)             Requested size: 469.70091pt x 228.32683pt.
 [9

 <./uploads/btl.pm_image.950cdb8728985088.447567343220313031375f5265702d3120636
f6e74726f6c2e6a7067.jpg>]
<uploads/btl.pm_image.a6e6336e68e00d61.447567343220333232315f5265702d3220636f6e
74726f6c2e6a7067.jpg, id=114, 4047.12pt x 3035.34pt>
File: uploads/btl.pm_image.a6e6336e68e00d61.447567343220333232315f5265702d32206
36f6e74726f6c2e6a7067.jpg Graphic file (type jpg)

<use uploads/btl.pm_image.a6e6336e68e00d61.447567343220333232315f5265702d322063
6f6e74726f6c2e6a7067.jpg>
Package pdftex.def Info: uploads/btl.pm_image.a6e6336e68e00d61.4475673432203332
32315f5265702d3220636f6e74726f6c2e6a7067.jpg used on input line 130.
(pdftex.def)             Requested size: 469.70091pt x 352.27568pt.
 [10

 <./uploads/btl.pm_image.a6e6336e68e00d61.447567343220333232315f5265702d3220636
f6e74726f6c2e6a7067.jpg>]
<uploads/btl.pm_image.adc7457e72c06e1f.447567343220313332335f5265702d3220636f6e
74726f6c2e6a7067.jpg, id=118, 4047.12pt x 3035.34pt>
File: uploads/btl.pm_image.adc7457e72c06e1f.447567343220313332335f5265702d32206
36f6e74726f6c2e6a7067.jpg Graphic file (type jpg)

<use uploads/btl.pm_image.adc7457e72c06e1f.447567343220313332335f5265702d322063
6f6e74726f6c2e6a7067.jpg>
Package pdftex.def Info: uploads/btl.pm_image.adc7457e72c06e1f.4475673432203133
32335f5265702d3220636f6e74726f6c2e6a7067.jpg used on input line 137.
(pdftex.def)             Requested size: 469.70091pt x 352.27568pt.
 [11

 <./uploads/btl.pm_image.adc7457e72c06e1f.447567343220313332335f5265702d3220636
f6e74726f6c2e6a7067.jpg>]
<uploads/btl.pm_image.aa4294f1fcd4bfab.447567343220313637365f5265702d322020636f
6e74726f6c2e6a7067.jpg, id=122, 4047.12pt x 3035.34pt>
File: uploads/btl.pm_image.aa4294f1fcd4bfab.447567343220313637365f5265702d32202
0636f6e74726f6c2e6a7067.jpg Graphic file (type jpg)

<use uploads/btl.pm_image.aa4294f1fcd4bfab.447567343220313637365f5265702d322020
636f6e74726f6c2e6a7067.jpg>
Package pdftex.def Info: uploads/btl.pm_image.aa4294f1fcd4bfab.4475673432203136
37365f5265702d322020636f6e74726f6c2e6a7067.jpg used on input line 144.
(pdftex.def)             Requested size: 469.70091pt x 352.27568pt.
 [12

 <./uploads/btl.pm_image.aa4294f1fcd4bfab.447567343220313637365f5265702d3220206
36f6e74726f6c2e6a7067.jpg>]
<uploads/btl.pm_image.9ac50522aea10415.447567343220313230325f5265702d3220636f6e
74726f6c2e6a7067.jpg, id=126, 4047.12pt x 3035.34pt>
File: uploads/btl.pm_image.9ac50522aea10415.447567343220313230325f5265702d32206
36f6e74726f6c2e6a7067.jpg Graphic file (type jpg)

<use uploads/btl.pm_image.9ac50522aea10415.447567343220313230325f5265702d322063
6f6e74726f6c2e6a7067.jpg>
Package pdftex.def Info: uploads/btl.pm_image.9ac50522aea10415.4475673432203132
30325f5265702d3220636f6e74726f6c2e6a7067.jpg used on input line 151.
(pdftex.def)             Requested size: 469.70091pt x 352.27568pt.
 [13

 <./uploads/btl.pm_image.9ac50522aea10415.447567343220313230325f5265702d3220636
f6e74726f6c2e6a7067.jpg>]
<uploads/btl.pm_image.9c977e79c5d4ef97.44756734322031313131395f5265702d3220636f
6e74726f6c2e6a7067.jpg, id=131, 4047.12pt x 3035.34pt>
File: uploads/btl.pm_image.9c977e79c5d4ef97.44756734322031313131395f5265702d322
0636f6e74726f6c2e6a7067.jpg Graphic file (type jpg)

<use uploads/btl.pm_image.9c977e79c5d4ef97.44756734322031313131395f5265702d3220
636f6e74726f6c2e6a7067.jpg>
Package pdftex.def Info: uploads/btl.pm_image.9c977e79c5d4ef97.4475673432203131
3131395f5265702d3220636f6e74726f6c2e6a7067.jpg used on input line 158.
(pdftex.def)             Requested size: 469.70091pt x 352.27568pt.
 [14

 <./uploads/btl.pm_image.9c977e79c5d4ef97.44756734322031313131395f5265702d32206
36f6e74726f6c2e6a7067.jpg>]
<uploads/btl.pm_image.bcf926e3e475d507.447567343220313536395f5265702d3120636f6e
74726f6c2e6a7067.jpg, id=135, 4047.12pt x 1967.35pt>
File: uploads/btl.pm_image.bcf926e3e475d507.447567343220313536395f5265702d31206
36f6e74726f6c2e6a7067.jpg Graphic file (type jpg)

<use uploads/btl.pm_image.bcf926e3e475d507.447567343220313536395f5265702d312063
6f6e74726f6c2e6a7067.jpg>
Package pdftex.def Info: uploads/btl.pm_image.bcf926e3e475d507.4475673432203135
36395f5265702d3120636f6e74726f6c2e6a7067.jpg used on input line 167.
(pdftex.def)             Requested size: 469.70091pt x 228.32683pt.
 [15

 <./uploads/btl.pm_image.bcf926e3e475d507.447567343220313536395f5265702d3120636
f6e74726f6c2e6a7067.jpg>]
<uploads/btl.pm_image.b9ef3c9106e2af10.447567343220313630335f5265702d3120284849
292e6a7067.jpg, id=139, 4047.12pt x 1967.35pt>
File: uploads/btl.pm_image.b9ef3c9106e2af10.447567343220313630335f5265702d31202
84849292e6a7067.jpg Graphic file (type jpg)

<use uploads/btl.pm_image.b9ef3c9106e2af10.447567343220313630335f5265702d312028
4849292e6a7067.jpg>
Package pdftex.def Info: uploads/btl.pm_image.b9ef3c9106e2af10.4475673432203136
30335f5265702d3120284849292e6a7067.jpg used on input line 174.
(pdftex.def)             Requested size: 469.70091pt x 228.32683pt.
 [16

 <./uploads/btl.pm_image.b9ef3c9106e2af10.447567343220313630335f5265702d3120284
849292e6a7067.jpg>]
<uploads/btl.pm_image.98f38092242fe55e.447567343220313732385f5265702d3120636f6e
74726f6c2e6a7067.jpg, id=143, 4047.12pt x 1967.35pt>
File: uploads/btl.pm_image.98f38092242fe55e.447567343220313732385f5265702d31206
36f6e74726f6c2e6a7067.jpg Graphic file (type jpg)

<use uploads/btl.pm_image.98f38092242fe55e.447567343220313732385f5265702d312063
6f6e74726f6c2e6a7067.jpg>
Package pdftex.def Info: uploads/btl.pm_image.98f38092242fe55e.4475673432203137
32385f5265702d3120636f6e74726f6c2e6a7067.jpg used on input line 181.
(pdftex.def)             Requested size: 469.70091pt x 228.32683pt.
 [17

 <./uploads/btl.pm_image.98f38092242fe55e.447567343220313732385f5265702d3120636
f6e74726f6c2e6a7067.jpg>]
<uploads/btl.pm_image.9ddaa0b244e4bd35.4475673432203637305f5265702d3120636f6e74
726f6c2e6a7067.jpg, id=147, 4047.12pt x 1967.35pt>
File: uploads/btl.pm_image.9ddaa0b244e4bd35.4475673432203637305f5265702d3120636
f6e74726f6c2e6a7067.jpg Graphic file (type jpg)

<use uploads/btl.pm_image.9ddaa0b244e4bd35.4475673432203637305f5265702d3120636f
6e74726f6c2e6a7067.jpg>
Package pdftex.def Info: uploads/btl.pm_image.9ddaa0b244e4bd35.4475673432203637
305f5265702d3120636f6e74726f6c2e6a7067.jpg used on input line 188.
(pdftex.def)             Requested size: 469.70091pt x 228.32683pt.
 [18

 <./uploads/btl.pm_image.9ddaa0b244e4bd35.4475673432203637305f5265702d3120636f6
e74726f6c2e6a7067.jpg>]
<uploads/btl.pm_image.b43c7102da766f30.447567343220313631375f5265702d3120284849
292e6a7067.jpg, id=151, 4047.12pt x 1967.35pt>
File: uploads/btl.pm_image.b43c7102da766f30.447567343220313631375f5265702d31202
84849292e6a7067.jpg Graphic file (type jpg)

<use uploads/btl.pm_image.b43c7102da766f30.447567343220313631375f5265702d312028
4849292e6a7067.jpg>
Package pdftex.def Info: uploads/btl.pm_image.b43c7102da766f30.4475673432203136
31375f5265702d3120284849292e6a7067.jpg used on input line 195.
(pdftex.def)             Requested size: 469.70091pt x 228.32683pt.
 [19

 <./uploads/btl.pm_image.b43c7102da766f30.447567343220313631375f5265702d3120284
849292e6a7067.jpg>]
<uploads/btl.pm_image.a8e1877f76b4c77d.4475673432203836355f5265702d322028484929
2e6a7067.jpg, id=156, 4047.12pt x 3035.34pt>
File: uploads/btl.pm_image.a8e1877f76b4c77d.4475673432203836355f5265702d3220284
849292e6a7067.jpg Graphic file (type jpg)

<use uploads/btl.pm_image.a8e1877f76b4c77d.4475673432203836355f5265702d32202848
49292e6a7067.jpg>
Package pdftex.def Info: uploads/btl.pm_image.a8e1877f76b4c77d.4475673432203836
355f5265702d3220284849292e6a7067.jpg used on input line 202.
(pdftex.def)             Requested size: 469.70091pt x 352.27568pt.
 [20

 <./uploads/btl.pm_image.a8e1877f76b4c77d.4475673432203836355f5265702d322028484
9292e6a7067.jpg>]
<uploads/btl.pm_image.a74f3b6001fab6de.447567343220333232385f5265702d3220284849
292e6a7067.jpg, id=160, 4047.12pt x 1967.35pt>
File: uploads/btl.pm_image.a74f3b6001fab6de.447567343220333232385f5265702d32202
84849292e6a7067.jpg Graphic file (type jpg)

<use uploads/btl.pm_image.a74f3b6001fab6de.447567343220333232385f5265702d322028
4849292e6a7067.jpg>
Package pdftex.def Info: uploads/btl.pm_image.a74f3b6001fab6de.4475673432203332
32385f5265702d3220284849292e6a7067.jpg used on input line 209.
(pdftex.def)             Requested size: 469.70091pt x 228.32683pt.
 [21

 <./uploads/btl.pm_image.a74f3b6001fab6de.447567343220333232385f5265702d3220284
849292e6a7067.jpg>]
<uploads/btl.pm_image.bd48eeaa05f7b7b1.447567343220333233325f5265702d3220284849
292e6a7067.jpg, id=164, 4047.12pt x 3035.34pt>
File: uploads/btl.pm_image.bd48eeaa05f7b7b1.447567343220333233325f5265702d32202
84849292e6a7067.jpg Graphic file (type jpg)

<use uploads/btl.pm_image.bd48eeaa05f7b7b1.447567343220333233325f5265702d322028
4849292e6a7067.jpg>
Package pdftex.def Info: uploads/btl.pm_image.bd48eeaa05f7b7b1.4475673432203332
33325f5265702d3220284849292e6a7067.jpg used on input line 216.
(pdftex.def)             Requested size: 469.70091pt x 352.27568pt.
 [22

 <./uploads/btl.pm_image.bd48eeaa05f7b7b1.447567343220333233325f5265702d3220284
849292e6a7067.jpg>]
<uploads/btl.pm_image.b9ceff1fc826f7c3.4475673432203334305f5265702d322028484929
2e6a7067.jpg, id=168, 4047.12pt x 1967.35pt>
File: uploads/btl.pm_image.b9ceff1fc826f7c3.4475673432203334305f5265702d3220284
849292e6a7067.jpg Graphic file (type jpg)

<use uploads/btl.pm_image.b9ceff1fc826f7c3.4475673432203334305f5265702d32202848
49292e6a7067.jpg>
Package pdftex.def Info: uploads/btl.pm_image.b9ceff1fc826f7c3.4475673432203334
305f5265702d3220284849292e6a7067.jpg used on input line 223.
(pdftex.def)             Requested size: 469.70091pt x 228.32683pt.
 [23

 <./uploads/btl.pm_image.b9ceff1fc826f7c3.4475673432203334305f5265702d322028484
9292e6a7067.jpg>]
<uploads/btl.pm_image.804a1fbe4c486a85.4475673432203632385f5265702d322028484929
2e6a7067.jpg, id=172, 4047.12pt x 1967.35pt>
File: uploads/btl.pm_image.804a1fbe4c486a85.4475673432203632385f5265702d3220284
849292e6a7067.jpg Graphic file (type jpg)

<use uploads/btl.pm_image.804a1fbe4c486a85.4475673432203632385f5265702d32202848
49292e6a7067.jpg>
Package pdftex.def Info: uploads/btl.pm_image.804a1fbe4c486a85.4475673432203632
385f5265702d3220284849292e6a7067.jpg used on input line 230.
(pdftex.def)             Requested size: 469.70091pt x 228.32683pt.
 [24

 <./uploads/btl.pm_image.804a1fbe4c486a85.4475673432203632385f5265702d322028484
9292e6a7067.jpg>]
<uploads/btl.pm_image.b3bd14df70606ca8.447567343220313637365f5265702d3120766972
75732e6a7067.jpg, id=176, 4047.12pt x 1967.35pt>
File: uploads/btl.pm_image.b3bd14df70606ca8.447567343220313637365f5265702d31207
6697275732e6a7067.jpg Graphic file (type jpg)

<use uploads/btl.pm_image.b3bd14df70606ca8.447567343220313637365f5265702d312076
697275732e6a7067.jpg>
Package pdftex.def Info: uploads/btl.pm_image.b3bd14df70606ca8.4475673432203136
37365f5265702d312076697275732e6a7067.jpg used on input line 239.
(pdftex.def)             Requested size: 469.70091pt x 228.32683pt.
 [25

 <./uploads/btl.pm_image.b3bd14df70606ca8.447567343220313637365f5265702d3120766
97275732e6a7067.jpg>]
<uploads/btl.pm_image.8d9812a2fc21c8a6.4475673432203839325f5265702d312076697275
732e6a7067.jpg, id=181, 4047.12pt x 1967.35pt>
File: uploads/btl.pm_image.8d9812a2fc21c8a6.4475673432203839325f5265702d3120766
97275732e6a7067.jpg Graphic file (type jpg)

<use uploads/btl.pm_image.8d9812a2fc21c8a6.4475673432203839325f5265702d31207669
7275732e6a7067.jpg>
Package pdftex.def Info: uploads/btl.pm_image.8d9812a2fc21c8a6.4475673432203839
325f5265702d312076697275732e6a7067.jpg used on input line 246.
(pdftex.def)             Requested size: 469.70091pt x 228.32683pt.
 [26

 <./uploads/btl.pm_image.8d9812a2fc21c8a6.4475673432203839325f5265702d312076697
275732e6a7067.jpg>]
<uploads/btl.pm_image.80a417bc99ec8482.447567343220313339335f5265702d3120766972
75732e6a7067.jpg, id=185, 4047.12pt x 1967.35pt>
File: uploads/btl.pm_image.80a417bc99ec8482.447567343220313339335f5265702d31207
6697275732e6a7067.jpg Graphic file (type jpg)

<use uploads/btl.pm_image.80a417bc99ec8482.447567343220313339335f5265702d312076
697275732e6a7067.jpg>
Package pdftex.def Info: uploads/btl.pm_image.80a417bc99ec8482.4475673432203133
39335f5265702d312076697275732e6a7067.jpg used on input line 253.
(pdftex.def)             Requested size: 469.70091pt x 228.32683pt.
 [27

 <./uploads/btl.pm_image.80a417bc99ec8482.447567343220313339335f5265702d3120766
97275732e6a7067.jpg>]
<uploads/btl.pm_image.873c1f3fdf74a9dc.447567343220313532345f5265702d3120766972
75732e6a7067.jpg, id=189, 4047.12pt x 1967.35pt>
File: uploads/btl.pm_image.873c1f3fdf74a9dc.447567343220313532345f5265702d31207
6697275732e6a7067.jpg Graphic file (type jpg)

<use uploads/btl.pm_image.873c1f3fdf74a9dc.447567343220313532345f5265702d312076
697275732e6a7067.jpg>
Package pdftex.def Info: uploads/btl.pm_image.873c1f3fdf74a9dc.4475673432203135
32345f5265702d312076697275732e6a7067.jpg used on input line 260.
(pdftex.def)             Requested size: 469.70091pt x 228.32683pt.
 [28

 <./uploads/btl.pm_image.873c1f3fdf74a9dc.447567343220313532345f5265702d3120766
97275732e6a7067.jpg>]
<uploads/btl.pm_image.ad66be521cf7f169.447567343220313333365f5265702d3120766972
75732e6a7067.jpg, id=193, 4047.12pt x 1967.35pt>
File: uploads/btl.pm_image.ad66be521cf7f169.447567343220313333365f5265702d31207
6697275732e6a7067.jpg Graphic file (type jpg)

<use uploads/btl.pm_image.ad66be521cf7f169.447567343220313333365f5265702d312076
697275732e6a7067.jpg>
Package pdftex.def Info: uploads/btl.pm_image.ad66be521cf7f169.4475673432203133
33365f5265702d312076697275732e6a7067.jpg used on input line 267.
(pdftex.def)             Requested size: 469.70091pt x 228.32683pt.
 [29

 <./uploads/btl.pm_image.ad66be521cf7f169.447567343220313333365f5265702d3120766
97275732e6a7067.jpg>]
<uploads/btl.pm_image.a72e78cfb1716c7b.447567343220313736355f5265702d3220766972
75732e6a7067.jpg, id=197, 4047.12pt x 3035.34pt>
File: uploads/btl.pm_image.a72e78cfb1716c7b.447567343220313736355f5265702d32207
6697275732e6a7067.jpg Graphic file (type jpg)

<use uploads/btl.pm_image.a72e78cfb1716c7b.447567343220313736355f5265702d322076
697275732e6a7067.jpg>
Package pdftex.def Info: uploads/btl.pm_image.a72e78cfb1716c7b.4475673432203137
36355f5265702d322076697275732e6a7067.jpg used on input line 274.
(pdftex.def)             Requested size: 469.70091pt x 352.27568pt.
 [30

 <./uploads/btl.pm_image.a72e78cfb1716c7b.447567343220313736355f5265702d3220766
97275732e6a7067.jpg>]
<uploads/btl.pm_image.a2228bddd234a4cb.4475673432203138365f5265702d322076697275
732e6a7067.jpg, id=201, 4047.12pt x 1967.35pt>
File: uploads/btl.pm_image.a2228bddd234a4cb.4475673432203138365f5265702d3220766
97275732e6a7067.jpg Graphic file (type jpg)

<use uploads/btl.pm_image.a2228bddd234a4cb.4475673432203138365f5265702d32207669
7275732e6a7067.jpg>
Package pdftex.def Info: uploads/btl.pm_image.a2228bddd234a4cb.4475673432203138
365f5265702d322076697275732e6a7067.jpg used on input line 281.
(pdftex.def)             Requested size: 469.70091pt x 228.32683pt.
 [31

 <./uploads/btl.pm_image.a2228bddd234a4cb.4475673432203138365f5265702d322076697
275732e6a7067.jpg>]
<uploads/btl.pm_image.93628d405386753a.4475673432203239345f7265702d322076697275
732e6a7067.jpg, id=206, 4047.12pt x 1967.35pt>
File: uploads/btl.pm_image.93628d405386753a.4475673432203239345f7265702d3220766
97275732e6a7067.jpg Graphic file (type jpg)

<use uploads/btl.pm_image.93628d405386753a.4475673432203239345f7265702d32207669
7275732e6a7067.jpg>
Package pdftex.def Info: uploads/btl.pm_image.93628d405386753a.4475673432203239
345f7265702d322076697275732e6a7067.jpg used on input line 288.
(pdftex.def)             Requested size: 469.70091pt x 228.32683pt.
 [32

 <./uploads/btl.pm_image.93628d405386753a.4475673432203239345f7265702d322076697
275732e6a7067.jpg>]
<uploads/btl.pm_image.b38f50ea460c96da.447567343220333233345f5265702d3220766972
75732e6a7067.jpg, id=210, 4047.12pt x 1967.35pt>
File: uploads/btl.pm_image.b38f50ea460c96da.447567343220333233345f5265702d32207
6697275732e6a7067.jpg Graphic file (type jpg)

<use uploads/btl.pm_image.b38f50ea460c96da.447567343220333233345f5265702d322076
697275732e6a7067.jpg>
Package pdftex.def Info: uploads/btl.pm_image.b38f50ea460c96da.4475673432203332
33345f5265702d322076697275732e6a7067.jpg used on input line 295.
(pdftex.def)             Requested size: 469.70091pt x 228.32683pt.
 [33

 <./uploads/btl.pm_image.b38f50ea460c96da.447567343220333233345f5265702d3220766
97275732e6a7067.jpg>]
<uploads/btl.pm_image.90077d26c55c5b23.447567343220313536395f5265702d3220207669
7275732e6a7067.jpg, id=214, 4047.12pt x 3035.34pt>
File: uploads/btl.pm_image.90077d26c55c5b23.447567343220313536395f5265702d32202
076697275732e6a7067.jpg Graphic file (type jpg)

<use uploads/btl.pm_image.90077d26c55c5b23.447567343220313536395f5265702d322020
76697275732e6a7067.jpg>
Package pdftex.def Info: uploads/btl.pm_image.90077d26c55c5b23.4475673432203135
36395f5265702d32202076697275732e6a7067.jpg used on input line 302.
(pdftex.def)             Requested size: 469.70091pt x 352.27568pt.
 [34

 <./uploads/btl.pm_image.90077d26c55c5b23.447567343220313536395f5265702d3220207
6697275732e6a7067.jpg>] (./report.aux) ) 
Here is how much of TeX's memory you used:
 4365 strings out of 493029
 85731 string characters out of 6136233
 189637 words of memory out of 5000000
 7858 multiletter control sequences out of 15000+600000
 11114 words of font info for 38 fonts, out of 8000000 for 9000
 1141 hyphenation exceptions out of 8191
 46i,8n,46p,988b,256s stack positions out of 5000i,500n,10000p,200000b,80000s
{/usr/share/texmf/fonts/enc/dvips/cm-su
per/cm-super-ts1.enc}</usr/share/texlive/texmf-dist/fonts/type1/public/amsfonts
/cm/cmbx10.pfb></usr/share/texlive/texmf-dist/fonts/type1/public/amsfonts/cm/cm
r10.pfb></usr/share/texlive/texmf-dist/fonts/type1/public/amsfonts/cm/cmr12.pfb
></usr/share/texlive/texmf-dist/fonts/type1/public/amsfonts/cm/cmssbx10.pfb></u
sr/share/texmf/fonts/type1/public/cm-super/sfrm1095.pfb>
Output written on report.pdf (34 pages, 82477423 bytes).
PDF statistics:
 238 PDF objects out of 1000 (max. 8388607)
 104 compressed objects within 2 object streams
 0 named destinations out of 1000 (max. 500000)
 166 words of extra memory for PDF output out of 10000 (max. 10000000)

